<?xml version="1.0" encoding="UTF-8"?>
<!-- Generated by org.testng.reporters.JUnitReportReporter -->
<testsuite hostname="ubuntu" name="org.openqa.demo.nodes.service.WebDriverValidationService" tests="1" failures="0" timestamp="7 Jun 2011 18:37:16 GMT" time="4.015" errors="0">
  <testcase name="test" time="4.015" classname="org.openqa.demo.nodes.service.WebDriverValidationService"/>
</testsuite>
